2024/10/10 16:51:17 [error] [exception.CException] CException: Property "LoginForm.email" is not defined. in /var/www/html/yii-1.1.29.f89b76/framework/base/CComponent.php:130
Stack trace:
#0 /var/www/html/yii-1.1.29.f89b76/framework/web/helpers/CHtml.php(2784): CComponent->__get()
#1 /var/www/html/yii-1.1.29.f89b76/framework/web/helpers/CHtml.php(2507): CHtml::resolveValue()
#2 /var/www/html/yii-1.1.29.f89b76/framework/web/helpers/CHtml.php(1554): CHtml::activeInputField()
#3 /var/www/html/yii-1.1.29.f89b76/framework/web/widgets/CActiveForm.php(793): CHtml::activeTextField()
#4 /var/www/html/demo/protected/views/site/login.php(35): CActiveForm->textField()
#5 /var/www/html/yii-1.1.29.f89b76/framework/web/CBaseController.php(126): require('...')
#6 /var/www/html/yii-1.1.29.f89b76/framework/web/CBaseController.php(95): CBaseController->renderInternal()
#7 /var/www/html/yii-1.1.29.f89b76/framework/web/CController.php(872): CBaseController->renderFile()
#8 /var/www/html/yii-1.1.29.f89b76/framework/web/CController.php(785): CController->renderPartial()
#9 /var/www/html/demo/protected/controllers/SiteController.php(98): CController->render()
#10 /var/www/html/yii-1.1.29.f89b76/framework/web/actions/CInlineAction.php(49): SiteController->actionLogin()
#11 /var/www/html/yii-1.1.29.f89b76/framework/web/CController.php(308): CInlineAction->runWithParams()
#12 /var/www/html/yii-1.1.29.f89b76/framework/web/CController.php(286): CController->runAction()
#13 /var/www/html/yii-1.1.29.f89b76/framework/web/CController.php(265): CController->runActionWithFilters()
#14 /var/www/html/yii-1.1.29.f89b76/framework/web/CWebApplication.php(282): CController->run()
#15 /var/www/html/yii-1.1.29.f89b76/framework/web/CWebApplication.php(141): CWebApplication->runController()
#16 /var/www/html/yii-1.1.29.f89b76/framework/base/CApplication.php(185): CWebApplication->processRequest()
#17 /var/www/html/demo/index.php(13): CApplication->run()
#18 {main}
REQUEST_URI=/demo/index.php?r=site/login
---
2024/10/10 16:51:18 [error] [exception.CException] CException: Property "LoginForm.email" is not defined. in /var/www/html/yii-1.1.29.f89b76/framework/base/CComponent.php:130
Stack trace:
#0 /var/www/html/yii-1.1.29.f89b76/framework/web/helpers/CHtml.php(2784): CComponent->__get()
#1 /var/www/html/yii-1.1.29.f89b76/framework/web/helpers/CHtml.php(2507): CHtml::resolveValue()
#2 /var/www/html/yii-1.1.29.f89b76/framework/web/helpers/CHtml.php(1554): CHtml::activeInputField()
#3 /var/www/html/yii-1.1.29.f89b76/framework/web/widgets/CActiveForm.php(793): CHtml::activeTextField()
#4 /var/www/html/demo/protected/views/site/login.php(35): CActiveForm->textField()
#5 /var/www/html/yii-1.1.29.f89b76/framework/web/CBaseController.php(126): require('...')
#6 /var/www/html/yii-1.1.29.f89b76/framework/web/CBaseController.php(95): CBaseController->renderInternal()
#7 /var/www/html/yii-1.1.29.f89b76/framework/web/CController.php(872): CBaseController->renderFile()
#8 /var/www/html/yii-1.1.29.f89b76/framework/web/CController.php(785): CController->renderPartial()
#9 /var/www/html/demo/protected/controllers/SiteController.php(98): CController->render()
#10 /var/www/html/yii-1.1.29.f89b76/framework/web/actions/CInlineAction.php(49): SiteController->actionLogin()
#11 /var/www/html/yii-1.1.29.f89b76/framework/web/CController.php(308): CInlineAction->runWithParams()
#12 /var/www/html/yii-1.1.29.f89b76/framework/web/CController.php(286): CController->runAction()
#13 /var/www/html/yii-1.1.29.f89b76/framework/web/CController.php(265): CController->runActionWithFilters()
#14 /var/www/html/yii-1.1.29.f89b76/framework/web/CWebApplication.php(282): CController->run()
#15 /var/www/html/yii-1.1.29.f89b76/framework/web/CWebApplication.php(141): CWebApplication->runController()
#16 /var/www/html/yii-1.1.29.f89b76/framework/base/CApplication.php(185): CWebApplication->processRequest()
#17 /var/www/html/demo/index.php(13): CApplication->run()
#18 {main}
REQUEST_URI=/demo/index.php?r=site/login
---
2024/10/10 16:51:18 [error] [exception.CException] CException: Property "LoginForm.email" is not defined. in /var/www/html/yii-1.1.29.f89b76/framework/base/CComponent.php:130
Stack trace:
#0 /var/www/html/yii-1.1.29.f89b76/framework/web/helpers/CHtml.php(2784): CComponent->__get()
#1 /var/www/html/yii-1.1.29.f89b76/framework/web/helpers/CHtml.php(2507): CHtml::resolveValue()
#2 /var/www/html/yii-1.1.29.f89b76/framework/web/helpers/CHtml.php(1554): CHtml::activeInputField()
#3 /var/www/html/yii-1.1.29.f89b76/framework/web/widgets/CActiveForm.php(793): CHtml::activeTextField()
#4 /var/www/html/demo/protected/views/site/login.php(35): CActiveForm->textField()
#5 /var/www/html/yii-1.1.29.f89b76/framework/web/CBaseController.php(126): require('...')
#6 /var/www/html/yii-1.1.29.f89b76/framework/web/CBaseController.php(95): CBaseController->renderInternal()
#7 /var/www/html/yii-1.1.29.f89b76/framework/web/CController.php(872): CBaseController->renderFile()
#8 /var/www/html/yii-1.1.29.f89b76/framework/web/CController.php(785): CController->renderPartial()
#9 /var/www/html/demo/protected/controllers/SiteController.php(98): CController->render()
#10 /var/www/html/yii-1.1.29.f89b76/framework/web/actions/CInlineAction.php(49): SiteController->actionLogin()
#11 /var/www/html/yii-1.1.29.f89b76/framework/web/CController.php(308): CInlineAction->runWithParams()
#12 /var/www/html/yii-1.1.29.f89b76/framework/web/CController.php(286): CController->runAction()
#13 /var/www/html/yii-1.1.29.f89b76/framework/web/CController.php(265): CController->runActionWithFilters()
#14 /var/www/html/yii-1.1.29.f89b76/framework/web/CWebApplication.php(282): CController->run()
#15 /var/www/html/yii-1.1.29.f89b76/framework/web/CWebApplication.php(141): CWebApplication->runController()
#16 /var/www/html/yii-1.1.29.f89b76/framework/base/CApplication.php(185): CWebApplication->processRequest()
#17 /var/www/html/demo/index.php(13): CApplication->run()
#18 {main}
REQUEST_URI=/demo/index.php?r=site/login
---
2024/10/10 16:51:18 [error] [exception.CException] CException: Property "LoginForm.email" is not defined. in /var/www/html/yii-1.1.29.f89b76/framework/base/CComponent.php:130
Stack trace:
#0 /var/www/html/yii-1.1.29.f89b76/framework/web/helpers/CHtml.php(2784): CComponent->__get()
#1 /var/www/html/yii-1.1.29.f89b76/framework/web/helpers/CHtml.php(2507): CHtml::resolveValue()
#2 /var/www/html/yii-1.1.29.f89b76/framework/web/helpers/CHtml.php(1554): CHtml::activeInputField()
#3 /var/www/html/yii-1.1.29.f89b76/framework/web/widgets/CActiveForm.php(793): CHtml::activeTextField()
#4 /var/www/html/demo/protected/views/site/login.php(35): CActiveForm->textField()
#5 /var/www/html/yii-1.1.29.f89b76/framework/web/CBaseController.php(126): require('...')
#6 /var/www/html/yii-1.1.29.f89b76/framework/web/CBaseController.php(95): CBaseController->renderInternal()
#7 /var/www/html/yii-1.1.29.f89b76/framework/web/CController.php(872): CBaseController->renderFile()
#8 /var/www/html/yii-1.1.29.f89b76/framework/web/CController.php(785): CController->renderPartial()
#9 /var/www/html/demo/protected/controllers/SiteController.php(98): CController->render()
#10 /var/www/html/yii-1.1.29.f89b76/framework/web/actions/CInlineAction.php(49): SiteController->actionLogin()
#11 /var/www/html/yii-1.1.29.f89b76/framework/web/CController.php(308): CInlineAction->runWithParams()
#12 /var/www/html/yii-1.1.29.f89b76/framework/web/CController.php(286): CController->runAction()
#13 /var/www/html/yii-1.1.29.f89b76/framework/web/CController.php(265): CController->runActionWithFilters()
#14 /var/www/html/yii-1.1.29.f89b76/framework/web/CWebApplication.php(282): CController->run()
#15 /var/www/html/yii-1.1.29.f89b76/framework/web/CWebApplication.php(141): CWebApplication->runController()
#16 /var/www/html/yii-1.1.29.f89b76/framework/base/CApplication.php(185): CWebApplication->processRequest()
#17 /var/www/html/demo/index.php(13): CApplication->run()
#18 {main}
REQUEST_URI=/demo/index.php?r=site/login
---
2024/10/10 16:51:19 [error] [exception.CException] CException: Property "LoginForm.email" is not defined. in /var/www/html/yii-1.1.29.f89b76/framework/base/CComponent.php:130
Stack trace:
#0 /var/www/html/yii-1.1.29.f89b76/framework/web/helpers/CHtml.php(2784): CComponent->__get()
#1 /var/www/html/yii-1.1.29.f89b76/framework/web/helpers/CHtml.php(2507): CHtml::resolveValue()
#2 /var/www/html/yii-1.1.29.f89b76/framework/web/helpers/CHtml.php(1554): CHtml::activeInputField()
#3 /var/www/html/yii-1.1.29.f89b76/framework/web/widgets/CActiveForm.php(793): CHtml::activeTextField()
#4 /var/www/html/demo/protected/views/site/login.php(35): CActiveForm->textField()
#5 /var/www/html/yii-1.1.29.f89b76/framework/web/CBaseController.php(126): require('...')
#6 /var/www/html/yii-1.1.29.f89b76/framework/web/CBaseController.php(95): CBaseController->renderInternal()
#7 /var/www/html/yii-1.1.29.f89b76/framework/web/CController.php(872): CBaseController->renderFile()
#8 /var/www/html/yii-1.1.29.f89b76/framework/web/CController.php(785): CController->renderPartial()
#9 /var/www/html/demo/protected/controllers/SiteController.php(98): CController->render()
#10 /var/www/html/yii-1.1.29.f89b76/framework/web/actions/CInlineAction.php(49): SiteController->actionLogin()
#11 /var/www/html/yii-1.1.29.f89b76/framework/web/CController.php(308): CInlineAction->runWithParams()
#12 /var/www/html/yii-1.1.29.f89b76/framework/web/CController.php(286): CController->runAction()
#13 /var/www/html/yii-1.1.29.f89b76/framework/web/CController.php(265): CController->runActionWithFilters()
#14 /var/www/html/yii-1.1.29.f89b76/framework/web/CWebApplication.php(282): CController->run()
#15 /var/www/html/yii-1.1.29.f89b76/framework/web/CWebApplication.php(141): CWebApplication->runController()
#16 /var/www/html/yii-1.1.29.f89b76/framework/base/CApplication.php(185): CWebApplication->processRequest()
#17 /var/www/html/demo/index.php(13): CApplication->run()
#18 {main}
REQUEST_URI=/demo/index.php?r=site/login
---
2024/10/10 16:51:19 [error] [exception.CException] CException: Property "LoginForm.email" is not defined. in /var/www/html/yii-1.1.29.f89b76/framework/base/CComponent.php:130
Stack trace:
#0 /var/www/html/yii-1.1.29.f89b76/framework/web/helpers/CHtml.php(2784): CComponent->__get()
#1 /var/www/html/yii-1.1.29.f89b76/framework/web/helpers/CHtml.php(2507): CHtml::resolveValue()
#2 /var/www/html/yii-1.1.29.f89b76/framework/web/helpers/CHtml.php(1554): CHtml::activeInputField()
#3 /var/www/html/yii-1.1.29.f89b76/framework/web/widgets/CActiveForm.php(793): CHtml::activeTextField()
#4 /var/www/html/demo/protected/views/site/login.php(35): CActiveForm->textField()
#5 /var/www/html/yii-1.1.29.f89b76/framework/web/CBaseController.php(126): require('...')
#6 /var/www/html/yii-1.1.29.f89b76/framework/web/CBaseController.php(95): CBaseController->renderInternal()
#7 /var/www/html/yii-1.1.29.f89b76/framework/web/CController.php(872): CBaseController->renderFile()
#8 /var/www/html/yii-1.1.29.f89b76/framework/web/CController.php(785): CController->renderPartial()
#9 /var/www/html/demo/protected/controllers/SiteController.php(98): CController->render()
#10 /var/www/html/yii-1.1.29.f89b76/framework/web/actions/CInlineAction.php(49): SiteController->actionLogin()
#11 /var/www/html/yii-1.1.29.f89b76/framework/web/CController.php(308): CInlineAction->runWithParams()
#12 /var/www/html/yii-1.1.29.f89b76/framework/web/CController.php(286): CController->runAction()
#13 /var/www/html/yii-1.1.29.f89b76/framework/web/CController.php(265): CController->runActionWithFilters()
#14 /var/www/html/yii-1.1.29.f89b76/framework/web/CWebApplication.php(282): CController->run()
#15 /var/www/html/yii-1.1.29.f89b76/framework/web/CWebApplication.php(141): CWebApplication->runController()
#16 /var/www/html/yii-1.1.29.f89b76/framework/base/CApplication.php(185): CWebApplication->processRequest()
#17 /var/www/html/demo/index.php(13): CApplication->run()
#18 {main}
REQUEST_URI=/demo/index.php?r=site/login
---
2024/10/10 16:51:19 [error] [exception.CException] CException: Property "LoginForm.email" is not defined. in /var/www/html/yii-1.1.29.f89b76/framework/base/CComponent.php:130
Stack trace:
#0 /var/www/html/yii-1.1.29.f89b76/framework/web/helpers/CHtml.php(2784): CComponent->__get()
#1 /var/www/html/yii-1.1.29.f89b76/framework/web/helpers/CHtml.php(2507): CHtml::resolveValue()
#2 /var/www/html/yii-1.1.29.f89b76/framework/web/helpers/CHtml.php(1554): CHtml::activeInputField()
#3 /var/www/html/yii-1.1.29.f89b76/framework/web/widgets/CActiveForm.php(793): CHtml::activeTextField()
#4 /var/www/html/demo/protected/views/site/login.php(35): CActiveForm->textField()
#5 /var/www/html/yii-1.1.29.f89b76/framework/web/CBaseController.php(126): require('...')
#6 /var/www/html/yii-1.1.29.f89b76/framework/web/CBaseController.php(95): CBaseController->renderInternal()
#7 /var/www/html/yii-1.1.29.f89b76/framework/web/CController.php(872): CBaseController->renderFile()
#8 /var/www/html/yii-1.1.29.f89b76/framework/web/CController.php(785): CController->renderPartial()
#9 /var/www/html/demo/protected/controllers/SiteController.php(98): CController->render()
#10 /var/www/html/yii-1.1.29.f89b76/framework/web/actions/CInlineAction.php(49): SiteController->actionLogin()
#11 /var/www/html/yii-1.1.29.f89b76/framework/web/CController.php(308): CInlineAction->runWithParams()
#12 /var/www/html/yii-1.1.29.f89b76/framework/web/CController.php(286): CController->runAction()
#13 /var/www/html/yii-1.1.29.f89b76/framework/web/CController.php(265): CController->runActionWithFilters()
#14 /var/www/html/yii-1.1.29.f89b76/framework/web/CWebApplication.php(282): CController->run()
#15 /var/www/html/yii-1.1.29.f89b76/framework/web/CWebApplication.php(141): CWebApplication->runController()
#16 /var/www/html/yii-1.1.29.f89b76/framework/base/CApplication.php(185): CWebApplication->processRequest()
#17 /var/www/html/demo/index.php(13): CApplication->run()
#18 {main}
REQUEST_URI=/demo/index.php?r=site/login
---
2024/10/10 16:51:19 [error] [exception.CException] CException: Property "LoginForm.email" is not defined. in /var/www/html/yii-1.1.29.f89b76/framework/base/CComponent.php:130
Stack trace:
#0 /var/www/html/yii-1.1.29.f89b76/framework/web/helpers/CHtml.php(2784): CComponent->__get()
#1 /var/www/html/yii-1.1.29.f89b76/framework/web/helpers/CHtml.php(2507): CHtml::resolveValue()
#2 /var/www/html/yii-1.1.29.f89b76/framework/web/helpers/CHtml.php(1554): CHtml::activeInputField()
#3 /var/www/html/yii-1.1.29.f89b76/framework/web/widgets/CActiveForm.php(793): CHtml::activeTextField()
#4 /var/www/html/demo/protected/views/site/login.php(35): CActiveForm->textField()
#5 /var/www/html/yii-1.1.29.f89b76/framework/web/CBaseController.php(126): require('...')
#6 /var/www/html/yii-1.1.29.f89b76/framework/web/CBaseController.php(95): CBaseController->renderInternal()
#7 /var/www/html/yii-1.1.29.f89b76/framework/web/CController.php(872): CBaseController->renderFile()
#8 /var/www/html/yii-1.1.29.f89b76/framework/web/CController.php(785): CController->renderPartial()
#9 /var/www/html/demo/protected/controllers/SiteController.php(98): CController->render()
#10 /var/www/html/yii-1.1.29.f89b76/framework/web/actions/CInlineAction.php(49): SiteController->actionLogin()
#11 /var/www/html/yii-1.1.29.f89b76/framework/web/CController.php(308): CInlineAction->runWithParams()
#12 /var/www/html/yii-1.1.29.f89b76/framework/web/CController.php(286): CController->runAction()
#13 /var/www/html/yii-1.1.29.f89b76/framework/web/CController.php(265): CController->runActionWithFilters()
#14 /var/www/html/yii-1.1.29.f89b76/framework/web/CWebApplication.php(282): CController->run()
#15 /var/www/html/yii-1.1.29.f89b76/framework/web/CWebApplication.php(141): CWebApplication->runController()
#16 /var/www/html/yii-1.1.29.f89b76/framework/base/CApplication.php(185): CWebApplication->processRequest()
#17 /var/www/html/demo/index.php(13): CApplication->run()
#18 {main}
REQUEST_URI=/demo/index.php?r=site/login
---
2024/10/10 16:51:19 [error] [exception.CException] CException: Property "LoginForm.email" is not defined. in /var/www/html/yii-1.1.29.f89b76/framework/base/CComponent.php:130
Stack trace:
#0 /var/www/html/yii-1.1.29.f89b76/framework/web/helpers/CHtml.php(2784): CComponent->__get()
#1 /var/www/html/yii-1.1.29.f89b76/framework/web/helpers/CHtml.php(2507): CHtml::resolveValue()
#2 /var/www/html/yii-1.1.29.f89b76/framework/web/helpers/CHtml.php(1554): CHtml::activeInputField()
#3 /var/www/html/yii-1.1.29.f89b76/framework/web/widgets/CActiveForm.php(793): CHtml::activeTextField()
#4 /var/www/html/demo/protected/views/site/login.php(35): CActiveForm->textField()
#5 /var/www/html/yii-1.1.29.f89b76/framework/web/CBaseController.php(126): require('...')
#6 /var/www/html/yii-1.1.29.f89b76/framework/web/CBaseController.php(95): CBaseController->renderInternal()
#7 /var/www/html/yii-1.1.29.f89b76/framework/web/CController.php(872): CBaseController->renderFile()
#8 /var/www/html/yii-1.1.29.f89b76/framework/web/CController.php(785): CController->renderPartial()
#9 /var/www/html/demo/protected/controllers/SiteController.php(98): CController->render()
#10 /var/www/html/yii-1.1.29.f89b76/framework/web/actions/CInlineAction.php(49): SiteController->actionLogin()
#11 /var/www/html/yii-1.1.29.f89b76/framework/web/CController.php(308): CInlineAction->runWithParams()
#12 /var/www/html/yii-1.1.29.f89b76/framework/web/CController.php(286): CController->runAction()
#13 /var/www/html/yii-1.1.29.f89b76/framework/web/CController.php(265): CController->runActionWithFilters()
#14 /var/www/html/yii-1.1.29.f89b76/framework/web/CWebApplication.php(282): CController->run()
#15 /var/www/html/yii-1.1.29.f89b76/framework/web/CWebApplication.php(141): CWebApplication->runController()
#16 /var/www/html/yii-1.1.29.f89b76/framework/base/CApplication.php(185): CWebApplication->processRequest()
#17 /var/www/html/demo/index.php(13): CApplication->run()
#18 {main}
REQUEST_URI=/demo/index.php?r=site/login
---
2024/10/10 16:51:20 [error] [exception.CException] CException: Property "LoginForm.email" is not defined. in /var/www/html/yii-1.1.29.f89b76/framework/base/CComponent.php:130
Stack trace:
#0 /var/www/html/yii-1.1.29.f89b76/framework/web/helpers/CHtml.php(2784): CComponent->__get()
#1 /var/www/html/yii-1.1.29.f89b76/framework/web/helpers/CHtml.php(2507): CHtml::resolveValue()
#2 /var/www/html/yii-1.1.29.f89b76/framework/web/helpers/CHtml.php(1554): CHtml::activeInputField()
#3 /var/www/html/yii-1.1.29.f89b76/framework/web/widgets/CActiveForm.php(793): CHtml::activeTextField()
#4 /var/www/html/demo/protected/views/site/login.php(35): CActiveForm->textField()
#5 /var/www/html/yii-1.1.29.f89b76/framework/web/CBaseController.php(126): require('...')
#6 /var/www/html/yii-1.1.29.f89b76/framework/web/CBaseController.php(95): CBaseController->renderInternal()
#7 /var/www/html/yii-1.1.29.f89b76/framework/web/CController.php(872): CBaseController->renderFile()
#8 /var/www/html/yii-1.1.29.f89b76/framework/web/CController.php(785): CController->renderPartial()
#9 /var/www/html/demo/protected/controllers/SiteController.php(98): CController->render()
#10 /var/www/html/yii-1.1.29.f89b76/framework/web/actions/CInlineAction.php(49): SiteController->actionLogin()
#11 /var/www/html/yii-1.1.29.f89b76/framework/web/CController.php(308): CInlineAction->runWithParams()
#12 /var/www/html/yii-1.1.29.f89b76/framework/web/CController.php(286): CController->runAction()
#13 /var/www/html/yii-1.1.29.f89b76/framework/web/CController.php(265): CController->runActionWithFilters()
#14 /var/www/html/yii-1.1.29.f89b76/framework/web/CWebApplication.php(282): CController->run()
#15 /var/www/html/yii-1.1.29.f89b76/framework/web/CWebApplication.php(141): CWebApplication->runController()
#16 /var/www/html/yii-1.1.29.f89b76/framework/base/CApplication.php(185): CWebApplication->processRequest()
#17 /var/www/html/demo/index.php(13): CApplication->run()
#18 {main}
REQUEST_URI=/demo/index.php?r=site/login
---
2024/10/10 16:51:20 [error] [exception.CException] CException: Property "LoginForm.email" is not defined. in /var/www/html/yii-1.1.29.f89b76/framework/base/CComponent.php:130
Stack trace:
#0 /var/www/html/yii-1.1.29.f89b76/framework/web/helpers/CHtml.php(2784): CComponent->__get()
#1 /var/www/html/yii-1.1.29.f89b76/framework/web/helpers/CHtml.php(2507): CHtml::resolveValue()
#2 /var/www/html/yii-1.1.29.f89b76/framework/web/helpers/CHtml.php(1554): CHtml::activeInputField()
#3 /var/www/html/yii-1.1.29.f89b76/framework/web/widgets/CActiveForm.php(793): CHtml::activeTextField()
#4 /var/www/html/demo/protected/views/site/login.php(35): CActiveForm->textField()
#5 /var/www/html/yii-1.1.29.f89b76/framework/web/CBaseController.php(126): require('...')
#6 /var/www/html/yii-1.1.29.f89b76/framework/web/CBaseController.php(95): CBaseController->renderInternal()
#7 /var/www/html/yii-1.1.29.f89b76/framework/web/CController.php(872): CBaseController->renderFile()
#8 /var/www/html/yii-1.1.29.f89b76/framework/web/CController.php(785): CController->renderPartial()
#9 /var/www/html/demo/protected/controllers/SiteController.php(98): CController->render()
#10 /var/www/html/yii-1.1.29.f89b76/framework/web/actions/CInlineAction.php(49): SiteController->actionLogin()
#11 /var/www/html/yii-1.1.29.f89b76/framework/web/CController.php(308): CInlineAction->runWithParams()
#12 /var/www/html/yii-1.1.29.f89b76/framework/web/CController.php(286): CController->runAction()
#13 /var/www/html/yii-1.1.29.f89b76/framework/web/CController.php(265): CController->runActionWithFilters()
#14 /var/www/html/yii-1.1.29.f89b76/framework/web/CWebApplication.php(282): CController->run()
#15 /var/www/html/yii-1.1.29.f89b76/framework/web/CWebApplication.php(141): CWebApplication->runController()
#16 /var/www/html/yii-1.1.29.f89b76/framework/base/CApplication.php(185): CWebApplication->processRequest()
#17 /var/www/html/demo/index.php(13): CApplication->run()
#18 {main}
REQUEST_URI=/demo/index.php?r=site/login
---
2024/10/10 16:51:20 [error] [exception.CException] CException: Property "LoginForm.email" is not defined. in /var/www/html/yii-1.1.29.f89b76/framework/base/CComponent.php:130
Stack trace:
#0 /var/www/html/yii-1.1.29.f89b76/framework/web/helpers/CHtml.php(2784): CComponent->__get()
#1 /var/www/html/yii-1.1.29.f89b76/framework/web/helpers/CHtml.php(2507): CHtml::resolveValue()
#2 /var/www/html/yii-1.1.29.f89b76/framework/web/helpers/CHtml.php(1554): CHtml::activeInputField()
#3 /var/www/html/yii-1.1.29.f89b76/framework/web/widgets/CActiveForm.php(793): CHtml::activeTextField()
#4 /var/www/html/demo/protected/views/site/login.php(35): CActiveForm->textField()
#5 /var/www/html/yii-1.1.29.f89b76/framework/web/CBaseController.php(126): require('...')
#6 /var/www/html/yii-1.1.29.f89b76/framework/web/CBaseController.php(95): CBaseController->renderInternal()
#7 /var/www/html/yii-1.1.29.f89b76/framework/web/CController.php(872): CBaseController->renderFile()
#8 /var/www/html/yii-1.1.29.f89b76/framework/web/CController.php(785): CController->renderPartial()
#9 /var/www/html/demo/protected/controllers/SiteController.php(98): CController->render()
#10 /var/www/html/yii-1.1.29.f89b76/framework/web/actions/CInlineAction.php(49): SiteController->actionLogin()
#11 /var/www/html/yii-1.1.29.f89b76/framework/web/CController.php(308): CInlineAction->runWithParams()
#12 /var/www/html/yii-1.1.29.f89b76/framework/web/CController.php(286): CController->runAction()
#13 /var/www/html/yii-1.1.29.f89b76/framework/web/CController.php(265): CController->runActionWithFilters()
#14 /var/www/html/yii-1.1.29.f89b76/framework/web/CWebApplication.php(282): CController->run()
#15 /var/www/html/yii-1.1.29.f89b76/framework/web/CWebApplication.php(141): CWebApplication->runController()
#16 /var/www/html/yii-1.1.29.f89b76/framework/base/CApplication.php(185): CWebApplication->processRequest()
#17 /var/www/html/demo/index.php(13): CApplication->run()
#18 {main}
REQUEST_URI=/demo/index.php?r=site/login
---
2024/10/10 16:51:20 [error] [exception.CException] CException: Property "LoginForm.email" is not defined. in /var/www/html/yii-1.1.29.f89b76/framework/base/CComponent.php:130
Stack trace:
#0 /var/www/html/yii-1.1.29.f89b76/framework/web/helpers/CHtml.php(2784): CComponent->__get()
#1 /var/www/html/yii-1.1.29.f89b76/framework/web/helpers/CHtml.php(2507): CHtml::resolveValue()
#2 /var/www/html/yii-1.1.29.f89b76/framework/web/helpers/CHtml.php(1554): CHtml::activeInputField()
#3 /var/www/html/yii-1.1.29.f89b76/framework/web/widgets/CActiveForm.php(793): CHtml::activeTextField()
#4 /var/www/html/demo/protected/views/site/login.php(35): CActiveForm->textField()
#5 /var/www/html/yii-1.1.29.f89b76/framework/web/CBaseController.php(126): require('...')
#6 /var/www/html/yii-1.1.29.f89b76/framework/web/CBaseController.php(95): CBaseController->renderInternal()
#7 /var/www/html/yii-1.1.29.f89b76/framework/web/CController.php(872): CBaseController->renderFile()
#8 /var/www/html/yii-1.1.29.f89b76/framework/web/CController.php(785): CController->renderPartial()
#9 /var/www/html/demo/protected/controllers/SiteController.php(98): CController->render()
#10 /var/www/html/yii-1.1.29.f89b76/framework/web/actions/CInlineAction.php(49): SiteController->actionLogin()
#11 /var/www/html/yii-1.1.29.f89b76/framework/web/CController.php(308): CInlineAction->runWithParams()
#12 /var/www/html/yii-1.1.29.f89b76/framework/web/CController.php(286): CController->runAction()
#13 /var/www/html/yii-1.1.29.f89b76/framework/web/CController.php(265): CController->runActionWithFilters()
#14 /var/www/html/yii-1.1.29.f89b76/framework/web/CWebApplication.php(282): CController->run()
#15 /var/www/html/yii-1.1.29.f89b76/framework/web/CWebApplication.php(141): CWebApplication->runController()
#16 /var/www/html/yii-1.1.29.f89b76/framework/base/CApplication.php(185): CWebApplication->processRequest()
#17 /var/www/html/demo/index.php(13): CApplication->run()
#18 {main}
REQUEST_URI=/demo/index.php?r=site/login
---
2024/10/10 16:51:20 [error] [exception.CException] CException: Property "LoginForm.email" is not defined. in /var/www/html/yii-1.1.29.f89b76/framework/base/CComponent.php:130
Stack trace:
#0 /var/www/html/yii-1.1.29.f89b76/framework/web/helpers/CHtml.php(2784): CComponent->__get()
#1 /var/www/html/yii-1.1.29.f89b76/framework/web/helpers/CHtml.php(2507): CHtml::resolveValue()
#2 /var/www/html/yii-1.1.29.f89b76/framework/web/helpers/CHtml.php(1554): CHtml::activeInputField()
#3 /var/www/html/yii-1.1.29.f89b76/framework/web/widgets/CActiveForm.php(793): CHtml::activeTextField()
#4 /var/www/html/demo/protected/views/site/login.php(35): CActiveForm->textField()
#5 /var/www/html/yii-1.1.29.f89b76/framework/web/CBaseController.php(126): require('...')
#6 /var/www/html/yii-1.1.29.f89b76/framework/web/CBaseController.php(95): CBaseController->renderInternal()
#7 /var/www/html/yii-1.1.29.f89b76/framework/web/CController.php(872): CBaseController->renderFile()
#8 /var/www/html/yii-1.1.29.f89b76/framework/web/CController.php(785): CController->renderPartial()
#9 /var/www/html/demo/protected/controllers/SiteController.php(98): CController->render()
#10 /var/www/html/yii-1.1.29.f89b76/framework/web/actions/CInlineAction.php(49): SiteController->actionLogin()
#11 /var/www/html/yii-1.1.29.f89b76/framework/web/CController.php(308): CInlineAction->runWithParams()
#12 /var/www/html/yii-1.1.29.f89b76/framework/web/CController.php(286): CController->runAction()
#13 /var/www/html/yii-1.1.29.f89b76/framework/web/CController.php(265): CController->runActionWithFilters()
#14 /var/www/html/yii-1.1.29.f89b76/framework/web/CWebApplication.php(282): CController->run()
#15 /var/www/html/yii-1.1.29.f89b76/framework/web/CWebApplication.php(141): CWebApplication->runController()
#16 /var/www/html/yii-1.1.29.f89b76/framework/base/CApplication.php(185): CWebApplication->processRequest()
#17 /var/www/html/demo/index.php(13): CApplication->run()
#18 {main}
REQUEST_URI=/demo/index.php?r=site/login
---
2024/10/10 16:51:21 [error] [exception.CException] CException: Property "LoginForm.email" is not defined. in /var/www/html/yii-1.1.29.f89b76/framework/base/CComponent.php:130
Stack trace:
#0 /var/www/html/yii-1.1.29.f89b76/framework/web/helpers/CHtml.php(2784): CComponent->__get()
#1 /var/www/html/yii-1.1.29.f89b76/framework/web/helpers/CHtml.php(2507): CHtml::resolveValue()
#2 /var/www/html/yii-1.1.29.f89b76/framework/web/helpers/CHtml.php(1554): CHtml::activeInputField()
#3 /var/www/html/yii-1.1.29.f89b76/framework/web/widgets/CActiveForm.php(793): CHtml::activeTextField()
#4 /var/www/html/demo/protected/views/site/login.php(35): CActiveForm->textField()
#5 /var/www/html/yii-1.1.29.f89b76/framework/web/CBaseController.php(126): require('...')
#6 /var/www/html/yii-1.1.29.f89b76/framework/web/CBaseController.php(95): CBaseController->renderInternal()
#7 /var/www/html/yii-1.1.29.f89b76/framework/web/CController.php(872): CBaseController->renderFile()
#8 /var/www/html/yii-1.1.29.f89b76/framework/web/CController.php(785): CController->renderPartial()
#9 /var/www/html/demo/protected/controllers/SiteController.php(98): CController->render()
#10 /var/www/html/yii-1.1.29.f89b76/framework/web/actions/CInlineAction.php(49): SiteController->actionLogin()
#11 /var/www/html/yii-1.1.29.f89b76/framework/web/CController.php(308): CInlineAction->runWithParams()
#12 /var/www/html/yii-1.1.29.f89b76/framework/web/CController.php(286): CController->runAction()
#13 /var/www/html/yii-1.1.29.f89b76/framework/web/CController.php(265): CController->runActionWithFilters()
#14 /var/www/html/yii-1.1.29.f89b76/framework/web/CWebApplication.php(282): CController->run()
#15 /var/www/html/yii-1.1.29.f89b76/framework/web/CWebApplication.php(141): CWebApplication->runController()
#16 /var/www/html/yii-1.1.29.f89b76/framework/base/CApplication.php(185): CWebApplication->processRequest()
#17 /var/www/html/demo/index.php(13): CApplication->run()
#18 {main}
REQUEST_URI=/demo/index.php?r=site/login
---
2024/10/10 16:51:21 [error] [exception.CException] CException: Property "LoginForm.email" is not defined. in /var/www/html/yii-1.1.29.f89b76/framework/base/CComponent.php:130
Stack trace:
#0 /var/www/html/yii-1.1.29.f89b76/framework/web/helpers/CHtml.php(2784): CComponent->__get()
#1 /var/www/html/yii-1.1.29.f89b76/framework/web/helpers/CHtml.php(2507): CHtml::resolveValue()
#2 /var/www/html/yii-1.1.29.f89b76/framework/web/helpers/CHtml.php(1554): CHtml::activeInputField()
#3 /var/www/html/yii-1.1.29.f89b76/framework/web/widgets/CActiveForm.php(793): CHtml::activeTextField()
#4 /var/www/html/demo/protected/views/site/login.php(35): CActiveForm->textField()
#5 /var/www/html/yii-1.1.29.f89b76/framework/web/CBaseController.php(126): require('...')
#6 /var/www/html/yii-1.1.29.f89b76/framework/web/CBaseController.php(95): CBaseController->renderInternal()
#7 /var/www/html/yii-1.1.29.f89b76/framework/web/CController.php(872): CBaseController->renderFile()
#8 /var/www/html/yii-1.1.29.f89b76/framework/web/CController.php(785): CController->renderPartial()
#9 /var/www/html/demo/protected/controllers/SiteController.php(98): CController->render()
#10 /var/www/html/yii-1.1.29.f89b76/framework/web/actions/CInlineAction.php(49): SiteController->actionLogin()
#11 /var/www/html/yii-1.1.29.f89b76/framework/web/CController.php(308): CInlineAction->runWithParams()
#12 /var/www/html/yii-1.1.29.f89b76/framework/web/CController.php(286): CController->runAction()
#13 /var/www/html/yii-1.1.29.f89b76/framework/web/CController.php(265): CController->runActionWithFilters()
#14 /var/www/html/yii-1.1.29.f89b76/framework/web/CWebApplication.php(282): CController->run()
#15 /var/www/html/yii-1.1.29.f89b76/framework/web/CWebApplication.php(141): CWebApplication->runController()
#16 /var/www/html/yii-1.1.29.f89b76/framework/base/CApplication.php(185): CWebApplication->processRequest()
#17 /var/www/html/demo/index.php(13): CApplication->run()
#18 {main}
REQUEST_URI=/demo/index.php?r=site/login
---
2024/10/10 16:51:21 [error] [exception.CException] CException: Property "LoginForm.email" is not defined. in /var/www/html/yii-1.1.29.f89b76/framework/base/CComponent.php:130
Stack trace:
#0 /var/www/html/yii-1.1.29.f89b76/framework/web/helpers/CHtml.php(2784): CComponent->__get()
#1 /var/www/html/yii-1.1.29.f89b76/framework/web/helpers/CHtml.php(2507): CHtml::resolveValue()
#2 /var/www/html/yii-1.1.29.f89b76/framework/web/helpers/CHtml.php(1554): CHtml::activeInputField()
#3 /var/www/html/yii-1.1.29.f89b76/framework/web/widgets/CActiveForm.php(793): CHtml::activeTextField()
#4 /var/www/html/demo/protected/views/site/login.php(35): CActiveForm->textField()
#5 /var/www/html/yii-1.1.29.f89b76/framework/web/CBaseController.php(126): require('...')
#6 /var/www/html/yii-1.1.29.f89b76/framework/web/CBaseController.php(95): CBaseController->renderInternal()
#7 /var/www/html/yii-1.1.29.f89b76/framework/web/CController.php(872): CBaseController->renderFile()
#8 /var/www/html/yii-1.1.29.f89b76/framework/web/CController.php(785): CController->renderPartial()
#9 /var/www/html/demo/protected/controllers/SiteController.php(98): CController->render()
#10 /var/www/html/yii-1.1.29.f89b76/framework/web/actions/CInlineAction.php(49): SiteController->actionLogin()
#11 /var/www/html/yii-1.1.29.f89b76/framework/web/CController.php(308): CInlineAction->runWithParams()
#12 /var/www/html/yii-1.1.29.f89b76/framework/web/CController.php(286): CController->runAction()
#13 /var/www/html/yii-1.1.29.f89b76/framework/web/CController.php(265): CController->runActionWithFilters()
#14 /var/www/html/yii-1.1.29.f89b76/framework/web/CWebApplication.php(282): CController->run()
#15 /var/www/html/yii-1.1.29.f89b76/framework/web/CWebApplication.php(141): CWebApplication->runController()
#16 /var/www/html/yii-1.1.29.f89b76/framework/base/CApplication.php(185): CWebApplication->processRequest()
#17 /var/www/html/demo/index.php(13): CApplication->run()
#18 {main}
REQUEST_URI=/demo/index.php?r=site/login
---
2024/10/10 16:51:21 [error] [exception.CException] CException: Property "LoginForm.email" is not defined. in /var/www/html/yii-1.1.29.f89b76/framework/base/CComponent.php:130
Stack trace:
#0 /var/www/html/yii-1.1.29.f89b76/framework/web/helpers/CHtml.php(2784): CComponent->__get()
#1 /var/www/html/yii-1.1.29.f89b76/framework/web/helpers/CHtml.php(2507): CHtml::resolveValue()
#2 /var/www/html/yii-1.1.29.f89b76/framework/web/helpers/CHtml.php(1554): CHtml::activeInputField()
#3 /var/www/html/yii-1.1.29.f89b76/framework/web/widgets/CActiveForm.php(793): CHtml::activeTextField()
#4 /var/www/html/demo/protected/views/site/login.php(35): CActiveForm->textField()
#5 /var/www/html/yii-1.1.29.f89b76/framework/web/CBaseController.php(126): require('...')
#6 /var/www/html/yii-1.1.29.f89b76/framework/web/CBaseController.php(95): CBaseController->renderInternal()
#7 /var/www/html/yii-1.1.29.f89b76/framework/web/CController.php(872): CBaseController->renderFile()
#8 /var/www/html/yii-1.1.29.f89b76/framework/web/CController.php(785): CController->renderPartial()
#9 /var/www/html/demo/protected/controllers/SiteController.php(98): CController->render()
#10 /var/www/html/yii-1.1.29.f89b76/framework/web/actions/CInlineAction.php(49): SiteController->actionLogin()
#11 /var/www/html/yii-1.1.29.f89b76/framework/web/CController.php(308): CInlineAction->runWithParams()
#12 /var/www/html/yii-1.1.29.f89b76/framework/web/CController.php(286): CController->runAction()
#13 /var/www/html/yii-1.1.29.f89b76/framework/web/CController.php(265): CController->runActionWithFilters()
#14 /var/www/html/yii-1.1.29.f89b76/framework/web/CWebApplication.php(282): CController->run()
#15 /var/www/html/yii-1.1.29.f89b76/framework/web/CWebApplication.php(141): CWebApplication->runController()
#16 /var/www/html/yii-1.1.29.f89b76/framework/base/CApplication.php(185): CWebApplication->processRequest()
#17 /var/www/html/demo/index.php(13): CApplication->run()
#18 {main}
REQUEST_URI=/demo/index.php?r=site/login
---
2024/10/10 16:53:05 [error] [exception.CException] CException: Property "LoginForm.email" is not defined. in /var/www/html/yii-1.1.29.f89b76/framework/base/CComponent.php:130
Stack trace:
#0 /var/www/html/yii-1.1.29.f89b76/framework/web/helpers/CHtml.php(2784): CComponent->__get()
#1 /var/www/html/yii-1.1.29.f89b76/framework/web/helpers/CHtml.php(2507): CHtml::resolveValue()
#2 /var/www/html/yii-1.1.29.f89b76/framework/web/helpers/CHtml.php(1554): CHtml::activeInputField()
#3 /var/www/html/yii-1.1.29.f89b76/framework/web/widgets/CActiveForm.php(793): CHtml::activeTextField()
#4 /var/www/html/demo/protected/views/site/login.php(35): CActiveForm->textField()
#5 /var/www/html/yii-1.1.29.f89b76/framework/web/CBaseController.php(126): require('...')
#6 /var/www/html/yii-1.1.29.f89b76/framework/web/CBaseController.php(95): CBaseController->renderInternal()
#7 /var/www/html/yii-1.1.29.f89b76/framework/web/CController.php(872): CBaseController->renderFile()
#8 /var/www/html/yii-1.1.29.f89b76/framework/web/CController.php(785): CController->renderPartial()
#9 /var/www/html/demo/protected/controllers/SiteController.php(98): CController->render()
#10 /var/www/html/yii-1.1.29.f89b76/framework/web/actions/CInlineAction.php(49): SiteController->actionLogin()
#11 /var/www/html/yii-1.1.29.f89b76/framework/web/CController.php(308): CInlineAction->runWithParams()
#12 /var/www/html/yii-1.1.29.f89b76/framework/web/CController.php(286): CController->runAction()
#13 /var/www/html/yii-1.1.29.f89b76/framework/web/CController.php(265): CController->runActionWithFilters()
#14 /var/www/html/yii-1.1.29.f89b76/framework/web/CWebApplication.php(282): CController->run()
#15 /var/www/html/yii-1.1.29.f89b76/framework/web/CWebApplication.php(141): CWebApplication->runController()
#16 /var/www/html/yii-1.1.29.f89b76/framework/base/CApplication.php(185): CWebApplication->processRequest()
#17 /var/www/html/demo/index.php(13): CApplication->run()
#18 {main}
REQUEST_URI=/demo/index.php?r=site/login
---
2024/10/10 16:53:06 [error] [exception.CException] CException: Property "LoginForm.email" is not defined. in /var/www/html/yii-1.1.29.f89b76/framework/base/CComponent.php:130
Stack trace:
#0 /var/www/html/yii-1.1.29.f89b76/framework/web/helpers/CHtml.php(2784): CComponent->__get()
#1 /var/www/html/yii-1.1.29.f89b76/framework/web/helpers/CHtml.php(2507): CHtml::resolveValue()
#2 /var/www/html/yii-1.1.29.f89b76/framework/web/helpers/CHtml.php(1554): CHtml::activeInputField()
#3 /var/www/html/yii-1.1.29.f89b76/framework/web/widgets/CActiveForm.php(793): CHtml::activeTextField()
#4 /var/www/html/demo/protected/views/site/login.php(35): CActiveForm->textField()
#5 /var/www/html/yii-1.1.29.f89b76/framework/web/CBaseController.php(126): require('...')
#6 /var/www/html/yii-1.1.29.f89b76/framework/web/CBaseController.php(95): CBaseController->renderInternal()
#7 /var/www/html/yii-1.1.29.f89b76/framework/web/CController.php(872): CBaseController->renderFile()
#8 /var/www/html/yii-1.1.29.f89b76/framework/web/CController.php(785): CController->renderPartial()
#9 /var/www/html/demo/protected/controllers/SiteController.php(98): CController->render()
#10 /var/www/html/yii-1.1.29.f89b76/framework/web/actions/CInlineAction.php(49): SiteController->actionLogin()
#11 /var/www/html/yii-1.1.29.f89b76/framework/web/CController.php(308): CInlineAction->runWithParams()
#12 /var/www/html/yii-1.1.29.f89b76/framework/web/CController.php(286): CController->runAction()
#13 /var/www/html/yii-1.1.29.f89b76/framework/web/CController.php(265): CController->runActionWithFilters()
#14 /var/www/html/yii-1.1.29.f89b76/framework/web/CWebApplication.php(282): CController->run()
#15 /var/www/html/yii-1.1.29.f89b76/framework/web/CWebApplication.php(141): CWebApplication->runController()
#16 /var/www/html/yii-1.1.29.f89b76/framework/base/CApplication.php(185): CWebApplication->processRequest()
#17 /var/www/html/demo/index.php(13): CApplication->run()
#18 {main}
REQUEST_URI=/demo/index.php?r=site/login
---
2024/10/10 16:53:06 [error] [exception.CException] CException: Property "LoginForm.email" is not defined. in /var/www/html/yii-1.1.29.f89b76/framework/base/CComponent.php:130
Stack trace:
#0 /var/www/html/yii-1.1.29.f89b76/framework/web/helpers/CHtml.php(2784): CComponent->__get()
#1 /var/www/html/yii-1.1.29.f89b76/framework/web/helpers/CHtml.php(2507): CHtml::resolveValue()
#2 /var/www/html/yii-1.1.29.f89b76/framework/web/helpers/CHtml.php(1554): CHtml::activeInputField()
#3 /var/www/html/yii-1.1.29.f89b76/framework/web/widgets/CActiveForm.php(793): CHtml::activeTextField()
#4 /var/www/html/demo/protected/views/site/login.php(35): CActiveForm->textField()
#5 /var/www/html/yii-1.1.29.f89b76/framework/web/CBaseController.php(126): require('...')
#6 /var/www/html/yii-1.1.29.f89b76/framework/web/CBaseController.php(95): CBaseController->renderInternal()
#7 /var/www/html/yii-1.1.29.f89b76/framework/web/CController.php(872): CBaseController->renderFile()
#8 /var/www/html/yii-1.1.29.f89b76/framework/web/CController.php(785): CController->renderPartial()
#9 /var/www/html/demo/protected/controllers/SiteController.php(98): CController->render()
#10 /var/www/html/yii-1.1.29.f89b76/framework/web/actions/CInlineAction.php(49): SiteController->actionLogin()
#11 /var/www/html/yii-1.1.29.f89b76/framework/web/CController.php(308): CInlineAction->runWithParams()
#12 /var/www/html/yii-1.1.29.f89b76/framework/web/CController.php(286): CController->runAction()
#13 /var/www/html/yii-1.1.29.f89b76/framework/web/CController.php(265): CController->runActionWithFilters()
#14 /var/www/html/yii-1.1.29.f89b76/framework/web/CWebApplication.php(282): CController->run()
#15 /var/www/html/yii-1.1.29.f89b76/framework/web/CWebApplication.php(141): CWebApplication->runController()
#16 /var/www/html/yii-1.1.29.f89b76/framework/base/CApplication.php(185): CWebApplication->processRequest()
#17 /var/www/html/demo/index.php(13): CApplication->run()
#18 {main}
REQUEST_URI=/demo/index.php?r=site/login
---
2024/10/10 16:53:16 [error] [exception.CException] CException: Property "LoginForm.email" is not defined. in /var/www/html/yii-1.1.29.f89b76/framework/base/CComponent.php:130
Stack trace:
#0 /var/www/html/yii-1.1.29.f89b76/framework/web/helpers/CHtml.php(2784): CComponent->__get()
#1 /var/www/html/yii-1.1.29.f89b76/framework/web/helpers/CHtml.php(2507): CHtml::resolveValue()
#2 /var/www/html/yii-1.1.29.f89b76/framework/web/helpers/CHtml.php(1554): CHtml::activeInputField()
#3 /var/www/html/yii-1.1.29.f89b76/framework/web/widgets/CActiveForm.php(793): CHtml::activeTextField()
#4 /var/www/html/demo/protected/views/site/login.php(35): CActiveForm->textField()
#5 /var/www/html/yii-1.1.29.f89b76/framework/web/CBaseController.php(126): require('...')
#6 /var/www/html/yii-1.1.29.f89b76/framework/web/CBaseController.php(95): CBaseController->renderInternal()
#7 /var/www/html/yii-1.1.29.f89b76/framework/web/CController.php(872): CBaseController->renderFile()
#8 /var/www/html/yii-1.1.29.f89b76/framework/web/CController.php(785): CController->renderPartial()
#9 /var/www/html/demo/protected/controllers/SiteController.php(98): CController->render()
#10 /var/www/html/yii-1.1.29.f89b76/framework/web/actions/CInlineAction.php(49): SiteController->actionLogin()
#11 /var/www/html/yii-1.1.29.f89b76/framework/web/CController.php(308): CInlineAction->runWithParams()
#12 /var/www/html/yii-1.1.29.f89b76/framework/web/CController.php(286): CController->runAction()
#13 /var/www/html/yii-1.1.29.f89b76/framework/web/CController.php(265): CController->runActionWithFilters()
#14 /var/www/html/yii-1.1.29.f89b76/framework/web/CWebApplication.php(282): CController->run()
#15 /var/www/html/yii-1.1.29.f89b76/framework/web/CWebApplication.php(141): CWebApplication->runController()
#16 /var/www/html/yii-1.1.29.f89b76/framework/base/CApplication.php(185): CWebApplication->processRequest()
#17 /var/www/html/demo/index.php(13): CApplication->run()
#18 {main}
REQUEST_URI=/demo/index.php?r=site/login
---
2024/10/10 17:01:53 [error] [exception.CException] CException: Property "LoginForm.email" is not defined. in /var/www/html/yii-1.1.29.f89b76/framework/base/CComponent.php:130
Stack trace:
#0 /var/www/html/yii-1.1.29.f89b76/framework/web/helpers/CHtml.php(2784): CComponent->__get()
#1 /var/www/html/yii-1.1.29.f89b76/framework/web/helpers/CHtml.php(2507): CHtml::resolveValue()
#2 /var/www/html/yii-1.1.29.f89b76/framework/web/helpers/CHtml.php(1554): CHtml::activeInputField()
#3 /var/www/html/yii-1.1.29.f89b76/framework/web/widgets/CActiveForm.php(793): CHtml::activeTextField()
#4 /var/www/html/demo/protected/views/site/login.php(35): CActiveForm->textField()
#5 /var/www/html/yii-1.1.29.f89b76/framework/web/CBaseController.php(126): require('...')
#6 /var/www/html/yii-1.1.29.f89b76/framework/web/CBaseController.php(95): CBaseController->renderInternal()
#7 /var/www/html/yii-1.1.29.f89b76/framework/web/CController.php(872): CBaseController->renderFile()
#8 /var/www/html/yii-1.1.29.f89b76/framework/web/CController.php(785): CController->renderPartial()
#9 /var/www/html/demo/protected/controllers/SiteController.php(98): CController->render()
#10 /var/www/html/yii-1.1.29.f89b76/framework/web/actions/CInlineAction.php(49): SiteController->actionLogin()
#11 /var/www/html/yii-1.1.29.f89b76/framework/web/CController.php(308): CInlineAction->runWithParams()
#12 /var/www/html/yii-1.1.29.f89b76/framework/web/CController.php(286): CController->runAction()
#13 /var/www/html/yii-1.1.29.f89b76/framework/web/CController.php(265): CController->runActionWithFilters()
#14 /var/www/html/yii-1.1.29.f89b76/framework/web/CWebApplication.php(282): CController->run()
#15 /var/www/html/yii-1.1.29.f89b76/framework/web/CWebApplication.php(141): CWebApplication->runController()
#16 /var/www/html/yii-1.1.29.f89b76/framework/base/CApplication.php(185): CWebApplication->processRequest()
#17 /var/www/html/demo/index.php(13): CApplication->run()
#18 {main}
REQUEST_URI=/demo/index.php?r=site/login
HTTP_REFERER=http://localhost/demo/
---
2024/10/10 17:01:54 [error] [exception.CException] CException: Property "LoginForm.email" is not defined. in /var/www/html/yii-1.1.29.f89b76/framework/base/CComponent.php:130
Stack trace:
#0 /var/www/html/yii-1.1.29.f89b76/framework/web/helpers/CHtml.php(2784): CComponent->__get()
#1 /var/www/html/yii-1.1.29.f89b76/framework/web/helpers/CHtml.php(2507): CHtml::resolveValue()
#2 /var/www/html/yii-1.1.29.f89b76/framework/web/helpers/CHtml.php(1554): CHtml::activeInputField()
#3 /var/www/html/yii-1.1.29.f89b76/framework/web/widgets/CActiveForm.php(793): CHtml::activeTextField()
#4 /var/www/html/demo/protected/views/site/login.php(35): CActiveForm->textField()
#5 /var/www/html/yii-1.1.29.f89b76/framework/web/CBaseController.php(126): require('...')
#6 /var/www/html/yii-1.1.29.f89b76/framework/web/CBaseController.php(95): CBaseController->renderInternal()
#7 /var/www/html/yii-1.1.29.f89b76/framework/web/CController.php(872): CBaseController->renderFile()
#8 /var/www/html/yii-1.1.29.f89b76/framework/web/CController.php(785): CController->renderPartial()
#9 /var/www/html/demo/protected/controllers/SiteController.php(98): CController->render()
#10 /var/www/html/yii-1.1.29.f89b76/framework/web/actions/CInlineAction.php(49): SiteController->actionLogin()
#11 /var/www/html/yii-1.1.29.f89b76/framework/web/CController.php(308): CInlineAction->runWithParams()
#12 /var/www/html/yii-1.1.29.f89b76/framework/web/CController.php(286): CController->runAction()
#13 /var/www/html/yii-1.1.29.f89b76/framework/web/CController.php(265): CController->runActionWithFilters()
#14 /var/www/html/yii-1.1.29.f89b76/framework/web/CWebApplication.php(282): CController->run()
#15 /var/www/html/yii-1.1.29.f89b76/framework/web/CWebApplication.php(141): CWebApplication->runController()
#16 /var/www/html/yii-1.1.29.f89b76/framework/base/CApplication.php(185): CWebApplication->processRequest()
#17 /var/www/html/demo/index.php(13): CApplication->run()
#18 {main}
REQUEST_URI=/demo/index.php?r=site/login
HTTP_REFERER=http://localhost/demo/
---
2024/10/10 17:01:54 [error] [exception.CException] CException: Property "LoginForm.email" is not defined. in /var/www/html/yii-1.1.29.f89b76/framework/base/CComponent.php:130
Stack trace:
#0 /var/www/html/yii-1.1.29.f89b76/framework/web/helpers/CHtml.php(2784): CComponent->__get()
#1 /var/www/html/yii-1.1.29.f89b76/framework/web/helpers/CHtml.php(2507): CHtml::resolveValue()
#2 /var/www/html/yii-1.1.29.f89b76/framework/web/helpers/CHtml.php(1554): CHtml::activeInputField()
#3 /var/www/html/yii-1.1.29.f89b76/framework/web/widgets/CActiveForm.php(793): CHtml::activeTextField()
#4 /var/www/html/demo/protected/views/site/login.php(35): CActiveForm->textField()
#5 /var/www/html/yii-1.1.29.f89b76/framework/web/CBaseController.php(126): require('...')
#6 /var/www/html/yii-1.1.29.f89b76/framework/web/CBaseController.php(95): CBaseController->renderInternal()
#7 /var/www/html/yii-1.1.29.f89b76/framework/web/CController.php(872): CBaseController->renderFile()
#8 /var/www/html/yii-1.1.29.f89b76/framework/web/CController.php(785): CController->renderPartial()
#9 /var/www/html/demo/protected/controllers/SiteController.php(98): CController->render()
#10 /var/www/html/yii-1.1.29.f89b76/framework/web/actions/CInlineAction.php(49): SiteController->actionLogin()
#11 /var/www/html/yii-1.1.29.f89b76/framework/web/CController.php(308): CInlineAction->runWithParams()
#12 /var/www/html/yii-1.1.29.f89b76/framework/web/CController.php(286): CController->runAction()
#13 /var/www/html/yii-1.1.29.f89b76/framework/web/CController.php(265): CController->runActionWithFilters()
#14 /var/www/html/yii-1.1.29.f89b76/framework/web/CWebApplication.php(282): CController->run()
#15 /var/www/html/yii-1.1.29.f89b76/framework/web/CWebApplication.php(141): CWebApplication->runController()
#16 /var/www/html/yii-1.1.29.f89b76/framework/base/CApplication.php(185): CWebApplication->processRequest()
#17 /var/www/html/demo/index.php(13): CApplication->run()
#18 {main}
REQUEST_URI=/demo/index.php?r=site/login
HTTP_REFERER=http://localhost/demo/
---
2024/10/10 17:01:54 [error] [exception.CException] CException: Property "LoginForm.email" is not defined. in /var/www/html/yii-1.1.29.f89b76/framework/base/CComponent.php:130
Stack trace:
#0 /var/www/html/yii-1.1.29.f89b76/framework/web/helpers/CHtml.php(2784): CComponent->__get()
#1 /var/www/html/yii-1.1.29.f89b76/framework/web/helpers/CHtml.php(2507): CHtml::resolveValue()
#2 /var/www/html/yii-1.1.29.f89b76/framework/web/helpers/CHtml.php(1554): CHtml::activeInputField()
#3 /var/www/html/yii-1.1.29.f89b76/framework/web/widgets/CActiveForm.php(793): CHtml::activeTextField()
#4 /var/www/html/demo/protected/views/site/login.php(35): CActiveForm->textField()
#5 /var/www/html/yii-1.1.29.f89b76/framework/web/CBaseController.php(126): require('...')
#6 /var/www/html/yii-1.1.29.f89b76/framework/web/CBaseController.php(95): CBaseController->renderInternal()
#7 /var/www/html/yii-1.1.29.f89b76/framework/web/CController.php(872): CBaseController->renderFile()
#8 /var/www/html/yii-1.1.29.f89b76/framework/web/CController.php(785): CController->renderPartial()
#9 /var/www/html/demo/protected/controllers/SiteController.php(98): CController->render()
#10 /var/www/html/yii-1.1.29.f89b76/framework/web/actions/CInlineAction.php(49): SiteController->actionLogin()
#11 /var/www/html/yii-1.1.29.f89b76/framework/web/CController.php(308): CInlineAction->runWithParams()
#12 /var/www/html/yii-1.1.29.f89b76/framework/web/CController.php(286): CController->runAction()
#13 /var/www/html/yii-1.1.29.f89b76/framework/web/CController.php(265): CController->runActionWithFilters()
#14 /var/www/html/yii-1.1.29.f89b76/framework/web/CWebApplication.php(282): CController->run()
#15 /var/www/html/yii-1.1.29.f89b76/framework/web/CWebApplication.php(141): CWebApplication->runController()
#16 /var/www/html/yii-1.1.29.f89b76/framework/base/CApplication.php(185): CWebApplication->processRequest()
#17 /var/www/html/demo/index.php(13): CApplication->run()
#18 {main}
REQUEST_URI=/demo/index.php?r=site/login
HTTP_REFERER=http://localhost/demo/
---
2024/10/10 17:01:54 [error] [exception.CException] CException: Property "LoginForm.email" is not defined. in /var/www/html/yii-1.1.29.f89b76/framework/base/CComponent.php:130
Stack trace:
#0 /var/www/html/yii-1.1.29.f89b76/framework/web/helpers/CHtml.php(2784): CComponent->__get()
#1 /var/www/html/yii-1.1.29.f89b76/framework/web/helpers/CHtml.php(2507): CHtml::resolveValue()
#2 /var/www/html/yii-1.1.29.f89b76/framework/web/helpers/CHtml.php(1554): CHtml::activeInputField()
#3 /var/www/html/yii-1.1.29.f89b76/framework/web/widgets/CActiveForm.php(793): CHtml::activeTextField()
#4 /var/www/html/demo/protected/views/site/login.php(35): CActiveForm->textField()
#5 /var/www/html/yii-1.1.29.f89b76/framework/web/CBaseController.php(126): require('...')
#6 /var/www/html/yii-1.1.29.f89b76/framework/web/CBaseController.php(95): CBaseController->renderInternal()
#7 /var/www/html/yii-1.1.29.f89b76/framework/web/CController.php(872): CBaseController->renderFile()
#8 /var/www/html/yii-1.1.29.f89b76/framework/web/CController.php(785): CController->renderPartial()
#9 /var/www/html/demo/protected/controllers/SiteController.php(98): CController->render()
#10 /var/www/html/yii-1.1.29.f89b76/framework/web/actions/CInlineAction.php(49): SiteController->actionLogin()
#11 /var/www/html/yii-1.1.29.f89b76/framework/web/CController.php(308): CInlineAction->runWithParams()
#12 /var/www/html/yii-1.1.29.f89b76/framework/web/CController.php(286): CController->runAction()
#13 /var/www/html/yii-1.1.29.f89b76/framework/web/CController.php(265): CController->runActionWithFilters()
#14 /var/www/html/yii-1.1.29.f89b76/framework/web/CWebApplication.php(282): CController->run()
#15 /var/www/html/yii-1.1.29.f89b76/framework/web/CWebApplication.php(141): CWebApplication->runController()
#16 /var/www/html/yii-1.1.29.f89b76/framework/base/CApplication.php(185): CWebApplication->processRequest()
#17 /var/www/html/demo/index.php(13): CApplication->run()
#18 {main}
REQUEST_URI=/demo/index.php?r=site/login
HTTP_REFERER=http://localhost/demo/
---
2024/10/10 17:02:52 [error] [exception.CException] CException: Property "LoginForm.email" is not defined. in /var/www/html/yii-1.1.29.f89b76/framework/base/CComponent.php:130
Stack trace:
#0 /var/www/html/yii-1.1.29.f89b76/framework/validators/CRequiredValidator.php(58): CComponent->__get()
#1 /var/www/html/yii-1.1.29.f89b76/framework/validators/CValidator.php(201): CRequiredValidator->validateAttribute()
#2 /var/www/html/yii-1.1.29.f89b76/framework/base/CModel.php(159): CValidator->validate()
#3 /var/www/html/demo/protected/controllers/SiteController.php(94): CModel->validate()
#4 /var/www/html/yii-1.1.29.f89b76/framework/web/actions/CInlineAction.php(49): SiteController->actionLogin()
#5 /var/www/html/yii-1.1.29.f89b76/framework/web/CController.php(308): CInlineAction->runWithParams()
#6 /var/www/html/yii-1.1.29.f89b76/framework/web/CController.php(286): CController->runAction()
#7 /var/www/html/yii-1.1.29.f89b76/framework/web/CController.php(265): CController->runActionWithFilters()
#8 /var/www/html/yii-1.1.29.f89b76/framework/web/CWebApplication.php(282): CController->run()
#9 /var/www/html/yii-1.1.29.f89b76/framework/web/CWebApplication.php(141): CWebApplication->runController()
#10 /var/www/html/yii-1.1.29.f89b76/framework/base/CApplication.php(185): CWebApplication->processRequest()
#11 /var/www/html/demo/index.php(13): CApplication->run()
#12 {main}
REQUEST_URI=/demo/index.php?r=site/login
HTTP_REFERER=http://localhost/demo/index.php?r=site/login
---
